This is pdfTeX, Version 3.1415926-2.5-1.40.14 (MiKTeX 2.9) (preloaded format=pdflatex 2014.12.3)  16 JUN 2015 02:20
entering extended mode
**thesis
(C:\Users\itmo1\bachelor\paper\bachelor-thesis\paper\thesis.tex
LaTeX2e <2011/06/27>
Babel <v3.8m> and hyphenation patterns for english, afrikaans, ancientgreek, ar
abic, armenian, assamese, basque, bengali, bokmal, bulgarian, catalan, coptic, 
croatian, czech, danish, dutch, esperanto, estonian, farsi, finnish, french, ga
lician, german, german-x-2013-05-26, greek, gujarati, hindi, hungarian, iceland
ic, indonesian, interlingua, irish, italian, kannada, kurmanji, latin, latvian,
 lithuanian, malayalam, marathi, mongolian, mongolianlmc, monogreek, ngerman, n
german-x-2013-05-26, nynorsk, oriya, panjabi, pinyin, polish, portuguese, roman
ian, russian, sanskrit, serbian, slovak, slovenian, spanish, swedish, swissgerm
an, tamil, telugu, turkish, turkmen, ukenglish, ukrainian, uppersorbian, usengl
ishmax, welsh, loaded.
("C:\Program Files (x86)\MiKTeX 2.9\tex\latex\base\report.cls"
Document Class: report 2007/10/19 v1.4h Standard LaTeX document class
("C:\Program Files (x86)\MiKTeX 2.9\tex\latex\base\size10.clo"
File: size10.clo 2007/10/19 v1.4h Standard LaTeX file (size option)
)
\c@part=\count79
\c@chapter=\count80
\c@section=\count81
\c@subsection=\count82
\c@subsubsection=\count83
\c@paragraph=\count84
\c@subparagraph=\count85
\c@figure=\count86
\c@table=\count87
\abovecaptionskip=\skip41
\belowcaptionskip=\skip42
\bibindent=\dimen102
)
(C:\Users\itmo1\AppData\Roaming\MiKTeX\2.9\tex\latex\cmap\cmap.sty
Package: cmap 2008/03/06 v1.0h CMap support: searchable PDF
)
("C:\Program Files (x86)\MiKTeX 2.9\tex\latex\base\fontenc.sty"
Package: fontenc 2005/09/27 v1.99g Standard LaTeX package

(C:\Users\itmo1\AppData\Roaming\MiKTeX\2.9\tex\latex\cyrillic\t2aenc.def
File: t2aenc.def 2005/09/27 v1.0i Cyrillic encoding definition file
)
LaTeX Font Info:    Try loading font information for T2A+cmr on input line 100.


(C:\Users\itmo1\AppData\Roaming\MiKTeX\2.9\tex\latex\cyrillic\t2acmr.fd
File: t2acmr.fd 2001/08/11 v1.0a Computer Modern Cyrillic font definitions
)<<t2a.cmap>>) ("C:\Program Files (x86)\MiKTeX 2.9\tex\latex\base\inputenc.sty"
Package: inputenc 2008/03/30 v1.1d Input encoding file
\inpenc@prehook=\toks14
\inpenc@posthook=\toks15

(C:\Users\itmo1\AppData\Roaming\MiKTeX\2.9\tex\latex\ucs\utf8x.def
File: utf8x.def 2004/10/17 UCS: Input encoding UTF-8
))
(C:\Users\itmo1\AppData\Roaming\MiKTeX\2.9\tex\latex\ucs\ucs.sty
Package: ucs 2013/05/11 v2.2 UCS: Unicode input support

(C:\Users\itmo1\AppData\Roaming\MiKTeX\2.9\tex\latex\ucs\uni-global.def
File: uni-global.def 2013/05/13 UCS: Unicode global data
)
\uc@secondtry=\count88
\uc@combtoks=\toks16
\uc@combtoksb=\toks17
\uc@temptokena=\toks18
)
("C:\Program Files (x86)\MiKTeX 2.9\tex\generic\babel\babel.sty"
Package: babel 2008/07/08 v3.8m The Babel package

*************************************
* Local config file bblopts.cfg used
*
("C:\Program Files (x86)\MiKTeX 2.9\tex\latex\00miktex\bblopts.cfg"
File: bblopts.cfg 2006/07/31 v1.0 MiKTeX 'babel' configuration
)
(C:\Users\itmo1\AppData\Roaming\MiKTeX\2.9\tex\latex\babel-english\english.ldf
Language: english 2012/08/20 v3.3p English support from the babel system

("C:\Program Files (x86)\MiKTeX 2.9\tex\generic\babel\babel.def"
File: babel.def 2008/07/08 v3.8m Babel common definitions
\babel@savecnt=\count89
\U@D=\dimen103
)
\l@canadian = a dialect from \language\l@american 
\l@australian = a dialect from \language\l@british 
\l@newzealand = a dialect from \language\l@british 
)
(C:\Users\itmo1\AppData\Roaming\MiKTeX\2.9\tex\latex\babel-russian\russianb.ldf
Language: russianb 2015/05/01 1.3g Russian support for the Babel system
Package babel Info: Making " an active character on input line 111.
)) (C:\Users\itmo1\AppData\Roaming\MiKTeX\2.9\tex\latex\expdlist\expdlist.sty
Document Substyle `EXPDLIST'. Released 22.09.1999 (V 2.4)
English Documentation  22.09.99
\listpartsep=\skip43
) ("C:\Program Files (x86)\MiKTeX 2.9\tex\latex\graphics\graphicx.sty"
Package: graphicx 1999/02/16 v1.0f Enhanced LaTeX Graphics (DPC,SPQR)

("C:\Program Files (x86)\MiKTeX 2.9\tex\latex\graphics\keyval.sty"
Package: keyval 1999/03/16 v1.13 key=value parser (DPC)
\KV@toks@=\toks19
)
("C:\Program Files (x86)\MiKTeX 2.9\tex\latex\graphics\graphics.sty"
Package: graphics 2009/02/05 v1.0o Standard LaTeX Graphics (DPC,SPQR)

("C:\Program Files (x86)\MiKTeX 2.9\tex\latex\graphics\trig.sty"
Package: trig 1999/03/16 v1.09 sin cos tan (DPC)
)
("C:\Program Files (x86)\MiKTeX 2.9\tex\latex\00miktex\graphics.cfg"
File: graphics.cfg 2007/01/18 v1.5 graphics configuration of teTeX/TeXLive
)
Package graphics Info: Driver file: pdftex.def on input line 91.

("C:\Program Files (x86)\MiKTeX 2.9\tex\latex\pdftex-def\pdftex.def"
File: pdftex.def 2011/05/27 v0.06d Graphics/color for pdfTeX

("C:\Program Files (x86)\MiKTeX 2.9\tex\generic\oberdiek\infwarerr.sty"
Package: infwarerr 2010/04/08 v1.3 Providing info/warning/error messages (HO)
)
("C:\Program Files (x86)\MiKTeX 2.9\tex\generic\oberdiek\ltxcmds.sty"
Package: ltxcmds 2011/11/09 v1.22 LaTeX kernel commands for general use (HO)
)
\Gread@gobject=\count90
))
\Gin@req@height=\dimen104
\Gin@req@width=\dimen105
)
("C:\Program Files (x86)\MiKTeX 2.9\tex\latex\amsmath\amsmath.sty"
Package: amsmath 2013/01/14 v2.14 AMS math features
\@mathmargin=\skip44

For additional information on amsmath, use the `?' option.
("C:\Program Files (x86)\MiKTeX 2.9\tex\latex\amsmath\amstext.sty"
Package: amstext 2000/06/29 v2.01

("C:\Program Files (x86)\MiKTeX 2.9\tex\latex\amsmath\amsgen.sty"
File: amsgen.sty 1999/11/30 v2.0
\@emptytoks=\toks20
\ex@=\dimen106
))
("C:\Program Files (x86)\MiKTeX 2.9\tex\latex\amsmath\amsbsy.sty"
Package: amsbsy 1999/11/29 v1.2d
\pmbraise@=\dimen107
)
("C:\Program Files (x86)\MiKTeX 2.9\tex\latex\amsmath\amsopn.sty"
Package: amsopn 1999/12/14 v2.01 operator names
)
\inf@bad=\count91
LaTeX Info: Redefining \frac on input line 210.
\uproot@=\count92
\leftroot@=\count93
LaTeX Info: Redefining \overline on input line 306.
\classnum@=\count94
\DOTSCASE@=\count95
LaTeX Info: Redefining \ldots on input line 378.
LaTeX Info: Redefining \dots on input line 381.
LaTeX Info: Redefining \cdots on input line 466.
\Mathstrutbox@=\box26
\strutbox@=\box27
\big@size=\dimen108
LaTeX Font Info:    Redeclaring font encoding OML on input line 566.
LaTeX Font Info:    Redeclaring font encoding OMS on input line 567.
\macc@depth=\count96
\c@MaxMatrixCols=\count97
\dotsspace@=\muskip10
\c@parentequation=\count98
\dspbrk@lvl=\count99
\tag@help=\toks21
\row@=\count100
\column@=\count101
\maxfields@=\count102
\andhelp@=\toks22
\eqnshift@=\dimen109
\alignsep@=\dimen110
\tagshift@=\dimen111
\tagwidth@=\dimen112
\totwidth@=\dimen113
\lineht@=\dimen114
\@envbody=\toks23
\multlinegap=\skip45
\multlinetaggap=\skip46
\mathdisplay@stack=\toks24
LaTeX Info: Redefining \[ on input line 2665.
LaTeX Info: Redefining \] on input line 2666.
)
("C:\Program Files (x86)\MiKTeX 2.9\tex\latex\amsfonts\amssymb.sty"
Package: amssymb 2013/01/14 v3.01 AMS font symbols

("C:\Program Files (x86)\MiKTeX 2.9\tex\latex\amsfonts\amsfonts.sty"
Package: amsfonts 2013/01/14 v3.01 Basic AMSFonts support
\symAMSa=\mathgroup4
\symAMSb=\mathgroup5
LaTeX Font Info:    Overwriting math alphabet `\mathfrak' in version `bold'
(Font)                  U/euf/m/n --> U/euf/b/n on input line 106.
))
("C:\Program Files (x86)\MiKTeX 2.9\tex\latex\amscls\amsthm.sty"
Package: amsthm 2004/08/06 v2.20
\thm@style=\toks25
\thm@bodyfont=\toks26
\thm@headfont=\toks27
\thm@notefont=\toks28
\thm@headpunct=\toks29
\thm@preskip=\skip47
\thm@postskip=\skip48
\thm@headsep=\skip49
\dth@everypar=\toks30
)
("C:\Program Files (x86)\MiKTeX 2.9\tex\latex\amsmath\amsxtra.sty"
Package: amsxtra 1999/11/15 v1.2c
LaTeX Info: Redefining \nobreakspace on input line 65.
)
("C:\Program Files (x86)\MiKTeX 2.9\tex\latex\tools\array.sty"
Package: array 2008/09/09 v2.4c Tabular extension package (FMi)
\col@sep=\dimen115
\extrarowheight=\dimen116
\NC@list=\toks31
\extratabsurround=\skip50
\backup@length=\skip51
)
(C:\Users\itmo1\AppData\Roaming\MiKTeX\2.9\tex\latex\wrapfig\wrapfig.sty
\wrapoverhang=\dimen117
\WF@size=\dimen118
\c@WF@wrappedlines=\count103
\WF@box=\box28
\WF@everypar=\toks32
Package: wrapfig 2003/01/31  v 3.6
)
(C:\Users\itmo1\bachelor\paper\bachelor-thesis\paper\sty/dbl12.sty)
(C:\Users\itmo1\AppData\Roaming\MiKTeX\2.9\tex\latex\srcltx\srcltx.sty
Package: srcltx 2006/11/12 v1.6 Source specials for inverse search in DVI files


("C:\Program Files (x86)\MiKTeX 2.9\tex\latex\base\ifthen.sty"
Package: ifthen 2001/05/26 v1.1c Standard LaTeX ifthen package (DPC)
)
\src@lastline=\count104
\src@new@everypar=\toks33
\src@new@output=\toks34
)
("C:\Program Files (x86)\MiKTeX 2.9\tex\latex\graphics\epsfig.sty"
Package: epsfig 1999/02/16 v1.7a (e)psfig emulation (SPQR)
\epsfxsize=\dimen119
\epsfysize=\dimen120
)
("C:\Program Files (x86)\MiKTeX 2.9\tex\latex\tools\verbatim.sty"
Package: verbatim 2003/08/22 v1.5q LaTeX2e package for verbatim enhancements
\every@verbatim=\toks35
\verbatim@line=\toks36
\verbatim@in@stream=\read1
)
(C:\Users\itmo1\bachelor\paper\bachelor-thesis\paper\sty/rac.sty
\thelinewidth=\skip52
\c@anything=\count105
\c@map=\count106
\c@appendix=\count107
)
("C:\Program Files (x86)\MiKTeX 2.9\tex\latex\tools\xspace.sty"
Package: xspace 2009/10/20 v1.13 Space after command names (DPC,MH)
)
(C:\Users\itmo1\AppData\Roaming\MiKTeX\2.9\tex\latex\algorithms\algorithm.sty
Package: algorithm 2009/08/24 v0.1 Document Style `algorithm' - floating enviro
nment

("C:\Program Files (x86)\MiKTeX 2.9\tex\latex\float\float.sty"
Package: float 2001/11/08 v1.3d Float enhancements (AL)
\c@float@type=\count108
\float@exts=\toks37
\float@box=\box29
\@float@everytoks=\toks38
\@floatcapt=\box30
)
\@float@every@algorithm=\toks39
\c@algorithm=\count109
)
(C:\Users\itmo1\AppData\Roaming\MiKTeX\2.9\tex\latex\algorithmicx\algorithmicx.
sty
Package: algorithmicx 2005/04/27 v1.2 Algorithmicx

Document Style algorithmicx 1.2 - a greatly improved `algorithmic' style
\c@ALG@line=\count110
\c@ALG@rem=\count111
\c@ALG@nested=\count112
\ALG@tlm=\skip53
\ALG@thistlm=\skip54
\c@ALG@Lnr=\count113
\c@ALG@blocknr=\count114
\c@ALG@storecount=\count115
\c@ALG@tmpcounter=\count116
\ALG@tmplength=\skip55
)
(C:\Users\itmo1\AppData\Roaming\MiKTeX\2.9\tex\latex\algorithmicx\algpseudocode
.sty
Package: algpseudocode 

Document Style - pseudocode environments for use with the `algorithmicx' style
) (C:\Users\itmo1\AppData\Roaming\MiKTeX\2.9\tex\latex\listings\listings.sty
\lst@mode=\count117
\lst@gtempboxa=\box31
\lst@token=\toks40
\lst@length=\count118
\lst@currlwidth=\dimen121
\lst@column=\count119
\lst@pos=\count120
\lst@lostspace=\dimen122
\lst@width=\dimen123
\lst@newlines=\count121
\lst@lineno=\count122
\lst@maxwidth=\dimen124

(C:\Users\itmo1\AppData\Roaming\MiKTeX\2.9\tex\latex\listings\lstmisc.sty
File: lstmisc.sty 2014/09/06 1.5e (Carsten Heinz)
\c@lstnumber=\count123
\lst@skipnumbers=\count124
\lst@framebox=\box32
)
(C:\Users\itmo1\AppData\Roaming\MiKTeX\2.9\tex\latex\listings\listings.cfg
File: listings.cfg 2014/09/06 1.5e listings configuration
))
Package: listings 2014/09/06 1.5e (Carsten Heinz)

(C:\Users\itmo1\AppData\Roaming\MiKTeX\2.9\tex\latex\placeins\placeins.sty
Package: placeins 2005/04/18  v 2.2
)
(C:\Users\itmo1\AppData\Roaming\MiKTeX\2.9\tex\latex\caption\caption.sty
Package: caption 2013/05/02 v3.3-89 Customizing captions (AR)

(C:\Users\itmo1\AppData\Roaming\MiKTeX\2.9\tex\latex\caption\caption3.sty
Package: caption3 2013/05/02 v1.6-88 caption3 kernel (AR)
Package caption3 Info: TeX engine: e-TeX on input line 57.
\captionmargin=\dimen125
\captionmargin@=\dimen126
\captionwidth=\dimen127
\caption@tempdima=\dimen128
\caption@indent=\dimen129
\caption@parindent=\dimen130
\caption@hangindent=\dimen131
Package caption Info: Unknown document class (or package),
(caption)             standard defaults will be used.
)

Package caption Warning: Unsupported document class (or package) detected,
(caption)                usage of the caption package is not recommended.
See the caption package documentation for explanation.

Package caption Info: \@makecaption = \long macro:#1#2-> \vskip 10pt \setbox \@
tempboxa \hbox {#1. #2} \ifdim \wd \@tempboxa >\hsize \setbox \@tempboxa \hbox 
{#1. } \def \@tempdimj {\hsize } \advance \@tempdimj -\wd \@tempboxa \hbox to\h
size {#1. \parbox [t]{\@tempdimj }{#2}} \else \hbox to\hsize {\hfill \box \@tem
pboxa \hfill } \fi .
\c@ContinuedFloat=\count125
Package caption Info: float package is loaded.
Package caption Info: listings package is loaded.
Package caption Info: wrapfig package is loaded.
) (C:\Users\itmo1\AppData\Roaming\MiKTeX\2.9\tex\latex\subfigure\subfigure.sty
Package: subfigure 2002/07/30 v2.1.4 subfigure package
\subfigtopskip=\skip56
\subfigcapskip=\skip57
\subfigcaptopadj=\dimen132
\subfigbottomskip=\skip58
\subfigcapmargin=\dimen133
\subfiglabelskip=\skip59
\c@subfigure=\count126
\c@lofdepth=\count127
\c@subtable=\count128
\c@lotdepth=\count129

****************************************
* Local config file subfigure.cfg used *
****************************************
(C:\Users\itmo1\AppData\Roaming\MiKTeX\2.9\tex\latex\subfigure\subfigure.cfg)
\subfig@top=\skip60
\subfig@bottom=\skip61
)
(C:\Users\itmo1\AppData\Roaming\MiKTeX\2.9\tex\latex\easy\easytable.sty
Document Style `easytable' v1.0 <2001/06/13>.
(C:\Users\itmo1\AppData\Roaming\MiKTeX\2.9\tex\latex\easy\easy.sty
Document Style `easy' v1.1 <2001/05/31>.
Package: easy 2001/05/31 v1.1
\@easy@level=\count130
\@easy@ncol=\count131
\@easy@nrow=\count132
\@easy@cnt=\count133
\@easy@boxviii=\box33
\@easy@minxviii=\dimen134
\@easy@minyviii=\dimen135
\@easy@maxxviii=\dimen136
\@easy@maxyviii=\dimen137
\@easy@boxvii=\box34
\@easy@minxvii=\dimen138
\@easy@minyvii=\dimen139
\@easy@maxxvii=\dimen140
\@easy@maxyvii=\dimen141
\@easy@boxvi=\box35
\@easy@minxvi=\dimen142
\@easy@minyvi=\dimen143
\@easy@maxxvi=\dimen144
\@easy@maxyvi=\dimen145
\@easy@boxv=\box36
\@easy@minxv=\dimen146
\@easy@minyv=\dimen147
\@easy@maxxv=\dimen148
\@easy@maxyv=\dimen149
\@easy@boxiv=\box37
\@easy@minxiv=\dimen150
\@easy@minyiv=\dimen151
\@easy@maxxiv=\dimen152
\@easy@maxyiv=\dimen153
\@easy@boxiii=\box38
\@easy@minxiii=\dimen154
\@easy@minyiii=\dimen155
\@easy@maxxiii=\dimen156
\@easy@maxyiii=\dimen157
\@easy@boxii=\box39
\@easy@minxii=\dimen158
\@easy@minyii=\dimen159
\@easy@maxxii=\dimen160
\@easy@maxyii=\dimen161
\@easy@boxi=\box40
\@easy@minxi=\dimen162
\@easy@minyi=\dimen163
\@easy@maxxi=\dimen164
\@easy@maxyi=\dimen165
\@easy@hsizexxx=\dimen166
\@easy@vsizexxx=\dimen167
\@easy@hsizexxix=\dimen168
\@easy@vsizexxix=\dimen169
\@easy@hsizexxviii=\dimen170
\@easy@vsizexxviii=\dimen171
\@easy@hsizexxvii=\dimen172
\@easy@vsizexxvii=\dimen173
\@easy@hsizexxvi=\dimen174
\@easy@vsizexxvi=\dimen175
\@easy@hsizexxv=\dimen176
\@easy@vsizexxv=\dimen177
\@easy@hsizexxiv=\dimen178
\@easy@vsizexxiv=\dimen179
\@easy@hsizexxiii=\dimen180
\@easy@vsizexxiii=\dimen181
\@easy@hsizexxii=\dimen182
\@easy@vsizexxii=\dimen183
\@easy@hsizexxi=\dimen184
\@easy@vsizexxi=\dimen185
\@easy@hsizexx=\dimen186
\@easy@vsizexx=\dimen187
\@easy@hsizexix=\dimen188
\@easy@vsizexix=\dimen189
\@easy@hsizexviii=\dimen190
\@easy@vsizexviii=\dimen191
\@easy@hsizexvii=\dimen192
\@easy@vsizexvii=\dimen193
\@easy@hsizexvi=\dimen194
\@easy@vsizexvi=\dimen195
\@easy@hsizexv=\dimen196
\@easy@vsizexv=\dimen197
\@easy@hsizexiv=\dimen198
\@easy@vsizexiv=\dimen199
\@easy@hsizexiii=\dimen200
\@easy@vsizexiii=\dimen201
\@easy@hsizexii=\dimen202
\@easy@vsizexii=\dimen203
\@easy@hsizexi=\dimen204
\@easy@vsizexi=\dimen205
\@easy@hsizex=\dimen206
\@easy@vsizex=\dimen207
\@easy@hsizeix=\dimen208
\@easy@vsizeix=\dimen209
\@easy@hsizeviii=\dimen210
\@easy@vsizeviii=\dimen211
\@easy@hsizevii=\dimen212
\@easy@vsizevii=\dimen213
\@easy@hsizevi=\dimen214
\@easy@vsizevi=\dimen215
\@easy@hsizev=\dimen216
\@easy@vsizev=\dimen217
\@easy@hsizeiv=\dimen218
\@easy@vsizeiv=\dimen219
\@easy@hsizeiii=\dimen220
\@easy@vsizeiii=\dimen221
\@easy@hsizeii=\dimen222
\@easy@vsizeii=\dimen223
\@easy@hsizei=\dimen224
\@easy@vsizei=\dimen225
\@easy@dash@len=\dimen226
\@easy@dash@sep=\dimen227
)
Package: easytable 2001/05/31v1.1
\@tab@size@rule=\dimen228
\@tab@size@dash=\dimen229
)
\c@theorem=\count134
 (C:\Users\itmo1\bachelor\paper\bachelor-thesis\paper\thesis.aux)
LaTeX Font Info:    Checking defaults for OML/cmm/m/it on input line 137.
LaTeX Font Info:    ... okay on input line 137.
LaTeX Font Info:    Checking defaults for T1/cmr/m/n on input line 137.
LaTeX Font Info:    ... okay on input line 137.
LaTeX Font Info:    Checking defaults for OT1/cmr/m/n on input line 137.
LaTeX Font Info:    ... okay on input line 137.
LaTeX Font Info:    Checking defaults for OMS/cmsy/m/n on input line 137.
LaTeX Font Info:    ... okay on input line 137.
LaTeX Font Info:    Checking defaults for OMX/cmex/m/n on input line 137.
LaTeX Font Info:    ... okay on input line 137.
LaTeX Font Info:    Checking defaults for U/cmr/m/n on input line 137.
LaTeX Font Info:    ... okay on input line 137.
LaTeX Font Info:    Checking defaults for T2A/cmr/m/n on input line 137.
LaTeX Font Info:    ... okay on input line 137.
Package srcltx Info: Expanded filename `ucsencs.def' to `ucsencs.def.tex' on in
put line 137.

:<+ ucsencs.def.tex
(C:\Users\itmo1\AppData\Roaming\MiKTeX\2.9\tex\latex\ucs\ucsencs.def
File: ucsencs.def 2011/01/21 Fixes to fontencodings LGR, T3
)
:<-
(C:\Users\itmo1\AppData\Roaming\MiKTeX\2.9\tex\context\base\supp-pdf.mkii
[Loading MPS to PDF converter (version 2006.09.02).]
\scratchcounter=\count135
\scratchdimen=\dimen230
\scratchbox=\box41
\nofMPsegments=\count136
\nofMParguments=\count137
\everyMPshowfont=\toks41
\MPscratchCnt=\count138
\MPscratchDim=\dimen231
\MPnumerator=\count139
\makeMPintoPDFobject=\count140
\everyMPtoPDFconversion=\toks42
)
\c@lstlisting=\count141
Package caption Info: Begin \AtBeginDocument code.
Package caption Info: subfigure package is loaded.
Package caption Info: End \AtBeginDocument code.
 (C:\Users\itmo1\AppData\Roaming\MiKTeX\2.9\tex\latex\ucs\uni-4.def
File: uni-4.def 2013/05/13 UCS: Unicode data U+0400..U+04FF
) [1

{C:/Users/itmo1/AppData/Local/MiKTeX/2.9/pdftex/config/pdftex.map}]
LaTeX Font Info:    Try loading font information for T2A+cmss on input line 187
.

(C:\Users\itmo1\AppData\Roaming\MiKTeX\2.9\tex\latex\cyrillic\t2acmss.fd
File: t2acmss.fd 2001/08/11 v1.0a Computer Modern Cyrillic font definitions
)
(C:\Users\itmo1\bachelor\paper\bachelor-thesis\paper\thesis.toc<<ot1.cmap>><<om
l.cmap>><<oms.cmap>><<omx.cmap>>
LaTeX Font Info:    Try loading font information for U+msa on input line 2.

("C:\Program Files (x86)\MiKTeX 2.9\tex\latex\amsfonts\umsa.fd"
File: umsa.fd 2013/01/14 v3.01 AMS symbols A
)
LaTeX Font Info:    Try loading font information for U+msb on input line 2.

("C:\Program Files (x86)\MiKTeX 2.9\tex\latex\amsfonts\umsb.fd"
File: umsb.fd 2013/01/14 v3.01 AMS symbols B
) [4])
\tf@toc=\write3
 [5]
Package srcltx Info: Expanded filename `chapters/intro.tex' to `chapters/intro.
tex' on input line 225.

:<+ chapters/intro.tex
(C:\Users\itmo1\bachelor\paper\bachelor-thesis\paper\chapters/intro.tex
Underfull \hbox (badness 1082) in paragraph at lines 18--19
[][]\T2A/cmr/m/n/14.4 –еализаци€ Rake-Compress де-ре-вьев, ко-то-ра€ бы-ла пред
-ло-же-на
 []

LaTeX Font Info:    Try loading font information for OMS+cmr on input line 20.
("C:\Program Files (x86)\MiKTeX 2.9\tex\latex\base\omscmr.fd"
File: omscmr.fd 1999/05/25 v2.5h Standard LaTeX font definitions
)
LaTeX Font Info:    Font shape `OMS/cmr/m/n' in size <14.4> not available
(Font)              Font shape `OMS/cmsy/m/n' tried instead on input line 20.
 [6

])
:<-
Package srcltx Info: Expanded filename `chapters/chapter1.tex' to `chapters/cha
pter1.tex' on input line 226.
:<+ chapters/chapter1.tex
(C:\Users\itmo1\bachelor\paper\bachelor-thesis\paper\chapters/chapter1.tex
[7]
\IeC {\CYRG }\IeC {\cyrl }\IeC {\cyra }\IeC {\cyrv }\IeC {\cyra } 1.
[8

] [9]
Underfull \hbox (badness 2418) in paragraph at lines 69--71
[][]\T2A/cmr/m/n/14.4 »спользование ди-на-ми-че-ских де-ре-вьев в ал-го-рит-ме 
про-тал-ки-
 []


Underfull \hbox (badness 1292) in paragraph at lines 69--71
\T2A/cmr/m/n/14.4 ва-ни€ пред-по-то-ка умень-ша-ет вре-м€ его ра-бо-ты с $[]\OM
L/cmm/m/it/14.4 O\OT1/cmr/m/n/14.4 (\OML/cmm/m/it/14.4 V[]E\OT1/cmr/m/n/14.4 )$
 \T2A/cmr/m/n/14.4 до
 []

[10] [11])
:<-
Package srcltx Info: Expanded filename `chapters/chapter2.tex' to `chapters/cha
pter2.tex' on input line 227.
:<+ chapters/chapter2.tex
(C:\Users\itmo1\bachelor\paper\bachelor-thesis\paper\chapters/chapter2.tex
[12]
\IeC {\CYRG }\IeC {\cyrl }\IeC {\cyra }\IeC {\cyrv }\IeC {\cyra } 2.
<pics/rake.png, id=48, 1055.945pt x 475.7775pt>
File: pics/rake.png Graphic file (type png)
 <use pics/rake.png>
Package pdftex.def Info: pics/rake.png used on input line 23.
(pdftex.def)             Requested size: 375.57779pt x 169.21799pt.


LaTeX Warning: `h' float specifier changed to `ht'.

[13

] <pics/compress.png, id=53, 1192.455pt x 367.3725pt>
File: pics/compress.png Graphic file (type png)

<use pics/compress.png>
Package pdftex.def Info: pics/compress.png used on input line 36.
(pdftex.def)             Requested size: 375.57779pt x 115.70612pt.
 [14 <C:/Users/itmo1/bachelor/paper/bachelor-thesis/paper/pics/rake.png> <C:/Us
ers/itmo1/bachelor/paper/bachelor-thesis/paper/pics/compress.png>] [15] <pics/e
xample.png, id=68, 961.5925pt x 719.68875pt>
File: pics/example.png Graphic file (type png)

<use pics/example.png>
Package pdftex.def Info: pics/example.png used on input line 105.
(pdftex.def)             Requested size: 375.57779pt x 281.09479pt.


LaTeX Warning: `h' float specifier changed to `ht'.

[16] [17 <C:/Users/itmo1/bachelor/paper/bachelor-thesis/paper/pics/example.png>
] [18])
:<-
Package srcltx Info: Expanded filename `chapters/chapter3.tex' to `chapters/cha
pter3.tex' on input line 228.
:<+ chapters/chapter3.tex
(C:\Users\itmo1\bachelor\paper\bachelor-thesis\paper\chapters/chapter3.tex
[19]
\IeC {\CYRG }\IeC {\cyrl }\IeC {\cyra }\IeC {\cyrv }\IeC {\cyra } 3.

Underfull \hbox (badness 10000) in paragraph at lines 2--3
[]\T2A/cmss/bx/n/24.88 √лава 3. ќп-ти-ми-за-ци€ Rake-
 []

[20

] [21] [22] [23] [24] [25])
:<-
Package srcltx Info: Expanded filename `chapters/chapter4.tex' to `chapters/cha
pter4.tex' on input line 229.
:<+ chapters/chapter4.tex
(C:\Users\itmo1\bachelor\paper\bachelor-thesis\paper\chapters/chapter4.tex
[26]
\IeC {\CYRG }\IeC {\cyrl }\IeC {\cyra }\IeC {\cyrv }\IeC {\cyra } 4.
[27

] [28]
Underfull \hbox (badness 10000) in paragraph at lines 126--127
[] \T2A/cmr/bx/n/10 if $[]\OML/cmm/m/it/10 rand:getBit\OT1/cmr/m/n/10 (\OML/cmm
/m/it/10 c:id; layer\OT1/cmr/m/n/10 ) = 0$ \T2A/cmr/bx/n/10 and $\OML/cmm/m/it/
10 rand:getBit\OT1/cmr/m/n/10 (\OML/cmm/m/it/10 c:sumChild; layer\OT1/cmr/m/n/1
0 ) = 1$ \T2A/cmr/bx/n/10 and
 []

[29] [30] [31])
:<-
Package srcltx Info: Expanded filename `chapters/outro.tex' to `chapters/outro.
tex' on input line 230.
:<+ chapters/outro.tex
(C:\Users\itmo1\bachelor\paper\bachelor-thesis\paper\chapters/outro.tex
[32])
:<-
:<+ thesis.bbl
(C:\Users\itmo1\bachelor\paper\bachelor-thesis\paper\thesis.bbl [33]
Underfull \hbox (badness 10000) in paragraph at lines 65--67
[][]\T2A/cmr/m/n/10 Minaiev B. Implementation of Dynamic Rake-Compress trees.  
2015. URL:
 []

)
:<-

Package caption Warning: Unused \captionsetup[table] on input line 43.
See the caption package documentation for explanation.

[34

] (C:\Users\itmo1\bachelor\paper\bachelor-thesis\paper\thesis.aux) ) 
Here is how much of TeX's memory you used:
 7997 strings out of 493921
 112665 string characters out of 3144876
 181160 words of memory out of 3000000
 11074 multiletter control sequences out of 15000+200000
 19142 words of font info for 43 fonts, out of 3000000 for 9000
 841 hyphenation exceptions out of 8191
 36i,5n,39p,855b,629s stack positions out of 5000i,500n,10000p,200000b,50000s
 <C:\Users\
itmo1\AppData\Local\MiKTeX\2.9\fonts\pk\ljfour\lh\lh-t2a\dpi600\lacc1000.pk> <C
:\Users\itmo1\AppData\Local\MiKTeX\2.9\fonts\pk\ljfour\lh\lh-t2a\dpi600\larm080
0.pk> <C:\Users\itmo1\AppData\Local\MiKTeX\2.9\fonts\pk\ljfour\lh\lh-t2a\dpi600
\labx1000.pk> <C:\Users\itmo1\AppData\Local\MiKTeX\2.9\fonts\pk\ljfour\lh\lh-t2
a\dpi600\lati1440.pk> <C:\Users\itmo1\AppData\Local\MiKTeX\2.9\fonts\pk\ljfour\
lh\lh-t2a\dpi600\labi1440.pk> <C:\Users\itmo1\AppData\Local\MiKTeX\2.9\fonts\pk
\ljfour\lh\lh-t2a\dpi600\laxc1728.pk> <C:\Users\itmo1\AppData\Local\MiKTeX\2.9\
fonts\pk\ljfour\lh\lh-t2a\dpi600\labx1440.pk> <C:\Users\itmo1\AppData\Local\MiK
TeX\2.9\fonts\pk\ljfour\lh\lh-t2a\dpi600\lasx2488.pk> <C:\Users\itmo1\AppData\L
ocal\MiKTeX\2.9\fonts\pk\ljfour\lh\lh-t2a\dpi600\labx1728.pk> <C:\Users\itmo1\A
ppData\Local\MiKTeX\2.9\fonts\pk\ljfour\lh\lh-t2a\dpi600\larm1440.pk> <C:\Users
\itmo1\AppData\Local\MiKTeX\2.9\fonts\pk\ljfour\lh\lh-t2a\dpi600\larm1000.pk><C
:/Program Files (x86)/MiKTeX 2.9/fonts/type1/public/amsfonts/cm/cmex10.pfb><C:/
Program Files (x86)/MiKTeX 2.9/fonts/type1/public/amsfonts/cm/cmmi10.pfb><C:/Pr
ogram Files (x86)/MiKTeX 2.9/fonts/type1/public/amsfonts/cm/cmmi12.pfb><C:/Prog
ram Files (x86)/MiKTeX 2.9/fonts/type1/public/amsfonts/cm/cmr10.pfb><C:/Program
 Files (x86)/MiKTeX 2.9/fonts/type1/public/amsfonts/cm/cmr12.pfb><C:/Program Fi
les (x86)/MiKTeX 2.9/fonts/type1/public/amsfonts/cm/cmr7.pfb><C:/Program Files 
(x86)/MiKTeX 2.9/fonts/type1/public/amsfonts/cm/cmsy10.pfb>
Output written on thesis.pdf (32 pages, 443070 bytes).
PDF statistics:
 742 PDF objects out of 1000 (max. 8388607)
 0 named destinations out of 1000 (max. 500000)
 36 words of extra memory for PDF output out of 10000 (max. 10000000)

